{
  "0 debug pnpm:scope": {
    "selected": 1
  },
  "1 error pnpm": {
    "code": "ELIFECYCLE",
    "errno": "ENOENT",
    "syscall": "spawn",
    "file": "sh",
    "pkgid": "prisma-appsync@1.0.0-rc.0.30",
    "stage": "cleans",
    "script": "zx scripts/cleans.mjs",
    "pkgname": "prisma-appsync",
    "err": {
      "name": "pnpm",
      "message": "prisma-appsync@1.0.0-rc.0.30 cleans: `zx scripts/cleans.mjs`\nspawn ENOENT",
      "code": "ELIFECYCLE",
      "stack": "pnpm: prisma-appsync@1.0.0-rc.0.30 cleans: `zx scripts/cleans.mjs`\nspawn ENOENT\n    at ChildProcess.<anonymous> (/Users/maoosi/.nvm/versions/node/v17.7.1/pnpm-global/5/node_modules/.pnpm/pnpm@6.32.3/node_modules/pnpm/dist/pnpm.cjs:92278:22)\n    at ChildProcess.emit (node:events:527:28)\n    at maybeClose (node:internal/child_process:1090:16)\n    at Process.ChildProcess._handle.onexit (node:internal/child_process:302:5)"
    }
  },
  "2 warn pnpm:global": " Local package.json exists, but node_modules missing, did you mean to install?"
}